
chidi@localhost:~$ cat /opt/coinbase/state/bot_state.newbinance.json
{
 "EquityUSD": 1012.7654076732,
 "DailyStart": "2025-11-04T00:00:00Z",
 "DailyPnL": 6.893792654796619,
 "Model": {
  "W": [
   0.020344111795434855,
   -0.005863278102154293,
   -1.5044185402315715,
   0.04415572441473813
  ],
  "B": 0.7523020579233858
 },
 "MdlExt": {
  "W": [
   -0.004020792270398358,
   -0.004053184265784253,
   -0.5884685443159678,
   0.04146807803382855,
   0.0014457107798270187,
   0.010225976071008003,
   -0.2797256788610993,
   0.0013357834697457155
  ],
  "B": 0.09429917971410283,
  "L2": 0.001,
  "FeatDim": 8
 },
 "WalkForwardMin": 1,
 "LastFit": "0001-01-01T00:00:00Z",
 "BookBuy": {
  "lots": null
 },
 "BookSell": {
  "runner_ids": [
   1
  ],
  "lots": [
   {
    "OpenPrice": 99578.16999999998,
    "Side": "SELL",
    "SizeBase": 0.00079,
    "Take": 97798.51483959077,
    "OpenTime": "2025-11-04T21:50:00Z",
    "EntryFee": 0.07866675,
    "OpenNotionalUSD": 78.6667543,
    "TrailActive": false,
    "TrailPeak": 0,
    "TrailStop": 0,
    "reason": "pUp=0.31961|gatePrice=0.000|latched=0.000|effPct=0.000|basePct=0.000|elapsedHr=0.0|HighPeak=false|PriceUpGoingDown=true|mirror=false",
    "est_exit_fee_usd": 0.0799619988,
    "unrealized_pnl_usd": -1.453873248800014,
    "exit_mode": "ScalpTrailing",
    "version": 1,
    "activate_gate_usd": 1.25,
    "distance_pct": 0.25,
    "refund_portion_usd": 0,
    "entry_order_id": "51343330034"
   },
   {
    "OpenPrice": 100664.76,
    "Side": "SELL",
    "SizeBase": 0.00227,
    "Take": 99363.41024174064,
    "OpenTime": "2025-11-04T22:03:00Z",
    "EntryFee": 0.22850901,
    "OpenNotionalUSD": 228.5090052,
    "TrailActive": false,
    "TrailPeak": 0,
    "TrailStop": 0,
    "reason": "EQUITY Trading: equityUSD=1009.30 lastAddEquitySell=999.26 pct_diff_sell=1.010047 equitySpareBase=0.00913000  mode=strict",
    "est_exit_fee_usd": 0.2297642244,
    "unrealized_pnl_usd": -1.7134924344000144,
    "exit_mode": "RunnerTrailing",
    "version": 1,
    "activate_gate_usd": 2.5,
    "distance_pct": 0.4,
    "refund_portion_usd": 0,
    "lot_id": 1,
    "entry_order_id": "51344500701"
   },
   {
    "OpenPrice": 101520.27,
    "Side": "SELL",
    "SizeBase": 0.000009999999999999918,
    "Take": 91327.42230802898,
    "OpenTime": "2025-11-04T22:37:00Z",
    "EntryFee": 0.0010152026966292055,
    "OpenNotionalUSD": 1.0152026999999917,
    "TrailActive": false,
    "TrailPeak": 0,
    "TrailStop": 0,
    "reason": "pUp=0.40334|gatePrice=101447.438|latched=0.000|effPct=0.778|basePct=1.500|elapsedHr=0.5|HighPeak=false|PriceUpGoingDown=true|mirror=false mode=choppy",
    "est_exit_fee_usd": 0.0010121771999999918,
    "unrealized_pnl_usd": 0.000998120103370807,
    "exit_mode": "ScalpFixedTP",
    "version": 1,
    "activate_gate_usd": 0.1,
    "distance_pct": 0,
    "refund_portion_usd": 0,
    "lot_id": 2,
    "entry_order_id": "51346543255"
   }
  ]
 },
 "LastAddBuy": "0001-01-01T00:00:00Z",
 "LastAddSell": "2025-11-04T22:37:22.978106158Z",
 "WinLowBuy": 0,
 "WinHighSell": 101540.01,
 "LatchedGateBuy": 0,
 "LatchedGateSell": 0,
 "LastAddEquitySell": 1014.6456490764,
 "LastAddEquityBuy": 0,
 "EquityStageBuy": 0,
 "EquityStageSell": 1,
 "Exits": [
  {
   "time": "2025-11-04T05:27:00Z",
   "side": "SELL",
   "open_price": 107212.04000000001,
   "close_price": 105588.74,
   "size_base": 0.00089,
   "open_notional_usd": 95.4187156,
   "entry_fee_usd": 0.09541872,
   "exit_fee_usd": 8.9e-7,
   "pnl_usd": 1.3493173900000026,
   "reason": "take_profit | pUp=0.44598|gatePrice=107219.990|latched=107032.770|effPct=0.400|basePct=1.500|elapsedHr=8.7|HighPeak=true|PriceUpGoingDown=false|mirror=false mode=strict",
   "exit_mode": "ScalpFixedTP",
   "was_runner": false,
   "lot_id": 1,
   "entry_order_id": "51262993743"
  },
  {
   "time": "2025-11-04T05:45:00Z",
   "side": "SELL",
   "open_price": 106570.08,
   "close_price": 104712.05,
   "size_base": 0.00078,
   "open_notional_usd": 83.1246624,
   "entry_fee_usd": 0.08312466,
   "exit_fee_usd": 7.8e-7,
   "pnl_usd": 1.3661379599999992,
   "reason": "trailing_stop | pUp=0.42296|gatePrice=0.000|latched=0.000|effPct=0.000|basePct=0.000|elapsedHr=0.0|HighPeak=true|PriceUpGoingDown=true",
   "exit_mode": "ScalpTrailing",
   "was_runner": false,
   "entry_order_id": "51238174051"
  },
  {
   "time": "2025-11-04T16:19:00Z",
   "side": "SELL",
   "open_price": 104470.73999999999,
   "close_price": 102663.5,
   "size_base": 0.00079,
   "open_notional_usd": 82.5318846,
   "entry_fee_usd": 0.08253188,
   "exit_fee_usd": 7.9e-7,
   "pnl_usd": 1.3451869299999926,
   "reason": "trailing_stop | pUp=0.10764|gatePrice=0.000|latched=0.000|effPct=0.000|basePct=0.000|elapsedHr=0.0|HighPeak=false|PriceUpGoingDown=true|mirror=false",
   "exit_mode": "ScalpTrailing",
   "was_runner": false,
   "entry_order_id": "51276530879"
  },
  {
   "time": "2025-11-04T17:16:00Z",
   "side": "SELL",
   "open_price": 102835.37999999999,
   "close_price": 101026.01,
   "size_base": 0.00079,
   "open_notional_usd": 81.2399502,
   "entry_fee_usd": 0.08123995,
   "exit_fee_usd": 0.0798105479,
   "pnl_usd": 1.2683518020999962,
   "reason": "trailing_stop | pUp=0.46015|gatePrice=0.000|latched=0.000|effPct=0.000|basePct=0.000|elapsedHr=0.0|HighPeak=true|PriceUpGoingDown=false|mirror=false",
   "exit_mode": "ScalpTrailing",
   "was_runner": false,
   "entry_order_id": "51313624328"
  },
  {
   "time": "2025-11-04T21:30:00Z",
   "side": "SELL",
   "open_price": 101344.4,
   "close_price": 99556.28,
   "size_base": 0.0008,
   "open_notional_usd": 81.075512,
   "entry_fee_usd": 0.08107551,
   "exit_fee_usd": 8e-7,
   "pnl_usd": 1.3494196899999964,
   "reason": "trailing_stop | pUp=0.01925|gatePrice=0.000|latched=0.000|effPct=0.000|basePct=0.000|elapsedHr=0.0|HighPeak=false|PriceUpGoingDown=true|mirror=false",
   "exit_mode": "ScalpTrailing",
   "was_runner": false
  },
  {
   "time": "2025-11-04T22:43:00Z",
   "side": "SELL",
   "open_price": 101520.27,
   "close_price": 101174,
   "size_base": 0.00088,
   "open_notional_usd": 90.3530403,
   "entry_fee_usd": 0.08933783730337079,
   "exit_fee_usd": 8.8e-7,
   "pnl_usd": 0.21537888269663277,
   "reason": "take_profit | pUp=0.40334|gatePrice=101447.438|latched=0.000|effPct=0.778|basePct=1.500|elapsedHr=0.5|HighPeak=false|PriceUpGoingDown=true|mirror=false mode=choppy",
   "exit_mode": "ScalpFixedTP",
   "was_runner": false,
   "lot_id": 2,
   "entry_order_id": "51346543255"
  }
 ],
 "PendingBuy": null,
 "PendingSell": null,
 "PendingRecheckBuy": false,
 "PendingRecheckSell": false,
 "RefundBuyUSD": 73.63840877169991,
 "RefundSellUSD": 0
}chidi@localhost:~$
